<?xml version="1.0" encoding="UTF-8"?>
<!-- Generated by org.testng.reporters.JUnitReportReporter -->
<testsuite hostname="MacBook-Pro-de-Veronica.local" failures="0" tests="1" name="stepDefinitions.Steps" time="6.518" errors="0" timestamp="2022-03-15T18:45:47 CST" skipped="0">
  <testcase classname="stepDefinitions.Steps" name="testMethod" time="6.518"/>
  <system-out/>
</testsuite> <!-- stepDefinitions.Steps -->
